1694412798083:hello
1694412810012:help
1694412815638:exit
1694417995207:echo
1694418000941:echo hello
1694418011315:ec hello
1694418015633:j
1694418028616:help
1694418047487:exit
1695123956515:add 1 2
1695124787761:add 3 2
1695124826653:add 4 7
1695125386993:add 3 2
1695125392190:add 4 7
1695125464802:add 3 2
1695127379314:add 123 325
1695127403564:add 999 100
1695129737755:comp 206157838086 1 205812493086 3 1
1695129787924:comb 206157838086 1 205812493086 3 1
1695130046612:add 123456789 987654321
1695130061733:add 45678 10000000
1695130117167:comb 13366684455 3 14046797340 2
1695130133647:comb 13366684455 3 14046797340 2 1
1695380996670:add 123 321
1695381025196:add 100 200
1695381066106:help
1695381084016:comb 206157030109 205474840909
1695381092946:comb -h
1695381114794:comb 206157030109 1 205474840909 2
1695381124302:comb 206157030109 1 205474840909 3
1695725979169:add 1234 4321
1695726026074:add 1000 2000
1695726234986:comb 205969540209 1 114139648209 2
1695726270541:comb 205969540209 1 114139648209 3
1695732547943:add 1 2 3 4
1695732562734:add 5 6 7 8
1695732822028:add 1 2 3 4
1695732830931:add 5 6 7 8
1695732888919:comb 12 1 8 3
1695734960299:add 1 2 3 4
1695734966227:add 5 6 7 8
1695734998541:comb 7 1 0 3
1695735011416:comb 9 1 12 3
1695735034279:add 1 2 3 4
1695735040310:add 5 6 7 8
1695735055920:add 10 20 30 40
1695735060504:add 1 1 1 1
1695735077663:comb 9 1 6 3
1695735086917:comb 2 1 9 3
1695735166553:add 0 0 0 0 0 0
1695735174419:add 1 1 1 1 1 1
1695735188961:comb 0 1 0 2
1695735195144:comb 0 2 0 3
1695741158773:add 1 2 3 4
1695741166891:add 5 6 7 8
1695741172550:comb 1 2
1695741233942:help
1695741240756:comb -h
1695741267307:add 1 2 3 4
1695741271359:add 5 6 7 8
1695741283156:comb 1 2
1695741735245:1 2
1695741738610:comb 1 2
1695741775156:1 2
1695741777845:comb 1 2
1695741863340:stacktrace comb 1 2
1695741978574:comb 1 2
1695742121378:add 1 2 3 4
1695742124934:add 5 6 7 8
1695742129225:comb 1 2
1695742365953:add 1 1 1 1
1695742371063:add 0 0 0 0
1695742375708:comb 1 2
1695742382934:add 1 1 1 1
1695742387775:add 2 2 2 2
1695742391039:comb 1 2
1695742481338:add 1 2
1695742484866:add 3 5
1695742488393:comb 1 2
1695742701741:add 1 2 3 4
1695742713341:add 5 6 7 8
1695742717441:comb 1 2
1695743087776:add 1 2 3 4
1695743093658:add 5 6 7 8
1695743117586:comb 1 2
1695743153922:add 1 2 3 4
1695743157903:add 5 6 7 8
1695743162773:combine 1 2
1695743218263:combine 2 1
1695743330199:combine 1 2
1695743363679:comb 7 1 9 2
1695743431909:comb 9 1 10 2
1695743491152:combine 1 2
1695743500309:add 1 2 3 4
1695743504465:add 5 6 7 8
1695743510647:combine 1 2
1695743740317:add 1 2 3 4
1695743743870:add 5 6 7 8
1695743747536:combine 1 2
1695743766715:combine 1 3
1695743772180:combine 2 3
1695744149346:provide 1 2 3 4
1695744214168:provide 4 3 2 1
1695744219383:combine 1 2
1695744235269:combine 3 2
1696935176926:help
1696935193277:provide 1 2 3 4
1696935200884:provide 4 3 2 1
1696935308791:combine 1 2
1696935324972:provide 3 3 3 3
1696935334109:provide 8 8 8 8
1696935338969:combine 2 3
1696941716103:matrix 3 3
1696941731569:matrix 3 3 1 2 3 4 5 6 7 8 9
1696941864961:mcomb 1 2
1696943622003:matrix 2 3 1 1 1 1 1 1
1696943654677:matrix 3 2 2 2 2 3 3 3
1696943667890:mcomb 1 2
1696943836401:matrix 2 3 1 1 1 1 1 1
1696943843744:matrix 3 2 2 2 2 3 3 3
1696943849068:mcomb 1 2
1696943944713:matrix 3 2 9 9 9 9 9 9
1696943957199:matrix 2 2 1 1 1 1
1696943963093:mcomb 2 3
1696944069568:matrix 1 9 1 2 3 4 5 6 7 8 9
1696944081049:matrix 9 1 1 1 1 1 1 1 1 1 1
1696944088263:mcomb 1 3
1696944149497:matrix 3 3 1 2 3 4 5 6 7 8 9
1696944160574:matrix 3 1 1 1 0
1696944168787:mcomb 3 2
1696944290829:matrix 1 2 1 1
1696944298590:matrix 2 3 3 3 3 3 3 3
1696944304165:mcomb 1 2
1696945058204:matrix 3 2 1 1 1 1 1 1
1696945066349:matrix 2 3 2 2 2 2 2 2
1696945071358:mcomb 1 3
